{"C:\\Users\\manon\\Documents\\DevIII_TP\\individual-manonClrd\\server\\src\\utils\\password.ts": {"path":"C:\\Users\\manon\\Documents\\DevIII_TP\\individual-manonClrd\\server\\src\\utils\\password.ts","statementMap":{"0":{"start":{"line":1,"column":32},"end":{"line":25,"column":1}},"1":{"start":{"line":2,"column":2},"end":{"line":2,"column":25}},"2":{"start":{"line":2,"column":12},"end":{"line":2,"column":25}},"3":{"start":{"line":3,"column":2},"end":{"line":3,"column":35}},"4":{"start":{"line":3,"column":22},"end":{"line":3,"column":35}},"5":{"start":{"line":4,"column":2},"end":{"line":4,"column":36}},"6":{"start":{"line":4,"column":23},"end":{"line":4,"column":36}},"7":{"start":{"line":6,"column":23},"end":{"line":6,"column":40}},"8":{"start":{"line":7,"column":23},"end":{"line":7,"column":40}},"9":{"start":{"line":8,"column":21},"end":{"line":8,"column":38}},"10":{"start":{"line":9,"column":21},"end":{"line":9,"column":45}},"11":{"start":{"line":11,"column":2},"end":{"line":22,"column":3}},"12":{"start":{"line":13,"column":4},"end":{"line":13,"column":36}},"13":{"start":{"line":13,"column":23},"end":{"line":13,"column":36}},"14":{"start":{"line":14,"column":4},"end":{"line":14,"column":16}},"15":{"start":{"line":15,"column":9},"end":{"line":22,"column":3}},"16":{"start":{"line":17,"column":4},"end":{"line":17,"column":68}},"17":{"start":{"line":17,"column":55},"end":{"line":17,"column":68}},"18":{"start":{"line":18,"column":4},"end":{"line":18,"column":34}},"19":{"start":{"line":18,"column":21},"end":{"line":18,"column":34}},"20":{"start":{"line":21,"column":4},"end":{"line":21,"column":51}},"21":{"start":{"line":21,"column":38},"end":{"line":21,"column":51}},"22":{"start":{"line":24,"column":2},"end":{"line":24,"column":14}},"23":{"start":{"line":1,"column":13},"end":{"line":1,"column":32}}},"fnMap":{"0":{"name":"(anonymous_0)","decl":{"start":{"line":1,"column":32},"end":{"line":1,"column":33}},"loc":{"start":{"line":1,"column":74},"end":{"line":25,"column":1}}}},"branchMap":{"0":{"loc":{"start":{"line":2,"column":2},"end":{"line":2,"column":25}},"type":"if","locations":[{"start":{"line":2,"column":2},"end":{"line":2,"column":25}},{"start":{},"end":{}}]},"1":{"loc":{"start":{"line":3,"column":2},"end":{"line":3,"column":35}},"type":"if","locations":[{"start":{"line":3,"column":2},"end":{"line":3,"column":35}},{"start":{},"end":{}}]},"2":{"loc":{"start":{"line":4,"column":2},"end":{"line":4,"column":36}},"type":"if","locations":[{"start":{"line":4,"column":2},"end":{"line":4,"column":36}},{"start":{},"end":{}}]},"3":{"loc":{"start":{"line":11,"column":2},"end":{"line":22,"column":3}},"type":"if","locations":[{"start":{"line":11,"column":2},"end":{"line":22,"column":3}},{"start":{"line":15,"column":9},"end":{"line":22,"column":3}}]},"4":{"loc":{"start":{"line":13,"column":4},"end":{"line":13,"column":36}},"type":"if","locations":[{"start":{"line":13,"column":4},"end":{"line":13,"column":36}},{"start":{},"end":{}}]},"5":{"loc":{"start":{"line":15,"column":9},"end":{"line":22,"column":3}},"type":"if","locations":[{"start":{"line":15,"column":9},"end":{"line":22,"column":3}},{"start":{"line":19,"column":9},"end":{"line":22,"column":3}}]},"6":{"loc":{"start":{"line":15,"column":13},"end":{"line":15,"column":42}},"type":"binary-expr","locations":[{"start":{"line":15,"column":13},"end":{"line":15,"column":26}},{"start":{"line":15,"column":30},"end":{"line":15,"column":42}}]},"7":{"loc":{"start":{"line":17,"column":4},"end":{"line":17,"column":68}},"type":"if","locations":[{"start":{"line":17,"column":4},"end":{"line":17,"column":68}},{"start":{},"end":{}}]},"8":{"loc":{"start":{"line":17,"column":8},"end":{"line":17,"column":53}},"type":"binary-expr","locations":[{"start":{"line":17,"column":8},"end":{"line":17,"column":21}},{"start":{"line":17,"column":25},"end":{"line":17,"column":38}},{"start":{"line":17,"column":42},"end":{"line":17,"column":53}}]},"9":{"loc":{"start":{"line":18,"column":4},"end":{"line":18,"column":34}},"type":"if","locations":[{"start":{"line":18,"column":4},"end":{"line":18,"column":34}},{"start":{},"end":{}}]},"10":{"loc":{"start":{"line":21,"column":4},"end":{"line":21,"column":51}},"type":"if","locations":[{"start":{"line":21,"column":4},"end":{"line":21,"column":51}},{"start":{},"end":{}}]},"11":{"loc":{"start":{"line":21,"column":8},"end":{"line":21,"column":36}},"type":"binary-expr","locations":[{"start":{"line":21,"column":8},"end":{"line":21,"column":19}},{"start":{"line":21,"column":23},"end":{"line":21,"column":36}}]}},"s":{"0":1,"1":1,"2":1,"3":0,"4":0,"5":0,"6":0,"7":0,"8":0,"9":0,"10":0,"11":0,"12":0,"13":0,"14":0,"15":0,"16":0,"17":0,"18":0,"19":0,"20":0,"21":0,"22":0,"23":1},"f":{"0":1},"b":{"0":[1,0],"1":[0,0],"2":[0,0],"3":[0,0],"4":[0,0],"5":[0,0],"6":[0,0],"7":[0,0],"8":[0,0,0],"9":[0,0],"10":[0,0],"11":[0,0]}}
,"C:\\Users\\manon\\Documents\\DevIII_TP\\individual-manonClrd\\server\\src\\utils\\shipping.ts": {"path":"C:\\Users\\manon\\Documents\\DevIII_TP\\individual-manonClrd\\server\\src\\utils\\shipping.ts","statementMap":{"0":{"start":{"line":44,"column":0},"end":{"line":44,"column":16}},"1":{"start":{"line":50,"column":2},"end":{"line":52,"column":3}},"2":{"start":{"line":51,"column":4},"end":{"line":51,"column":40}},"3":{"start":{"line":54,"column":2},"end":{"line":56,"column":3}},"4":{"start":{"line":55,"column":4},"end":{"line":55,"column":38}},"5":{"start":{"line":59,"column":14},"end":{"line":59,"column":15}},"6":{"start":{"line":61,"column":2},"end":{"line":67,"column":3}},"7":{"start":{"line":62,"column":4},"end":{"line":62,"column":15}},"8":{"start":{"line":63,"column":9},"end":{"line":67,"column":3}},"9":{"start":{"line":64,"column":4},"end":{"line":64,"column":15}},"10":{"start":{"line":66,"column":4},"end":{"line":66,"column":15}},"11":{"start":{"line":70,"column":2},"end":{"line":72,"column":3}},"12":{"start":{"line":71,"column":4},"end":{"line":71,"column":24}},"13":{"start":{"line":75,"column":2},"end":{"line":77,"column":3}},"14":{"start":{"line":76,"column":4},"end":{"line":76,"column":22}},"15":{"start":{"line":79,"column":2},"end":{"line":79,"column":15}}},"fnMap":{"0":{"name":"calculateShipping","decl":{"start":{"line":44,"column":16},"end":{"line":44,"column":33}},"loc":{"start":{"line":47,"column":30},"end":{"line":80,"column":1}}}},"branchMap":{"0":{"loc":{"start":{"line":50,"column":2},"end":{"line":52,"column":3}},"type":"if","locations":[{"start":{"line":50,"column":2},"end":{"line":52,"column":3}},{"start":{},"end":{}}]},"1":{"loc":{"start":{"line":54,"column":2},"end":{"line":56,"column":3}},"type":"if","locations":[{"start":{"line":54,"column":2},"end":{"line":56,"column":3}},{"start":{},"end":{}}]},"2":{"loc":{"start":{"line":54,"column":6},"end":{"line":54,"column":32}},"type":"binary-expr","locations":[{"start":{"line":54,"column":6},"end":{"line":54,"column":17}},{"start":{"line":54,"column":21},"end":{"line":54,"column":32}}]},"3":{"loc":{"start":{"line":61,"column":2},"end":{"line":67,"column":3}},"type":"if","locations":[{"start":{"line":61,"column":2},"end":{"line":67,"column":3}},{"start":{"line":63,"column":9},"end":{"line":67,"column":3}}]},"4":{"loc":{"start":{"line":63,"column":9},"end":{"line":67,"column":3}},"type":"if","locations":[{"start":{"line":63,"column":9},"end":{"line":67,"column":3}},{"start":{"line":65,"column":9},"end":{"line":67,"column":3}}]},"5":{"loc":{"start":{"line":70,"column":2},"end":{"line":72,"column":3}},"type":"if","locations":[{"start":{"line":70,"column":2},"end":{"line":72,"column":3}},{"start":{},"end":{}}]},"6":{"loc":{"start":{"line":75,"column":2},"end":{"line":77,"column":3}},"type":"if","locations":[{"start":{"line":75,"column":2},"end":{"line":77,"column":3}},{"start":{},"end":{}}]}},"s":{"0":1,"1":17,"2":1,"3":16,"4":2,"5":14,"6":14,"7":8,"8":6,"9":5,"10":1,"11":14,"12":5,"13":14,"14":2,"15":14},"f":{"0":17},"b":{"0":[1,16],"1":[2,14],"2":[16,15],"3":[8,6],"4":[5,1],"5":[5,9],"6":[2,12]}}
,"C:\\Users\\manon\\Documents\\DevIII_TP\\individual-manonClrd\\server\\src\\utils\\userValidator.ts": {"path":"C:\\Users\\manon\\Documents\\DevIII_TP\\individual-manonClrd\\server\\src\\utils\\userValidator.ts","statementMap":{"0":{"start":{"line":1,"column":0},"end":{"line":1,"column":16}},"1":{"start":{"line":8,"column":2},"end":{"line":10,"column":3}},"2":{"start":{"line":9,"column":4},"end":{"line":9,"column":17}},"3":{"start":{"line":12,"column":2},"end":{"line":14,"column":3}},"4":{"start":{"line":13,"column":4},"end":{"line":13,"column":36}},"5":{"start":{"line":17,"column":21},"end":{"line":17,"column":51}},"6":{"start":{"line":18,"column":2},"end":{"line":20,"column":3}},"7":{"start":{"line":19,"column":4},"end":{"line":19,"column":37}},"8":{"start":{"line":23,"column":2},"end":{"line":25,"column":3}},"9":{"start":{"line":24,"column":4},"end":{"line":24,"column":17}},"10":{"start":{"line":28,"column":2},"end":{"line":30,"column":3}},"11":{"start":{"line":29,"column":4},"end":{"line":29,"column":32}},"12":{"start":{"line":32,"column":2},"end":{"line":32,"column":14}}},"fnMap":{"0":{"name":"validateUserRegistration","decl":{"start":{"line":1,"column":16},"end":{"line":1,"column":40}},"loc":{"start":{"line":4,"column":15},"end":{"line":33,"column":1}}}},"branchMap":{"0":{"loc":{"start":{"line":8,"column":2},"end":{"line":10,"column":3}},"type":"if","locations":[{"start":{"line":8,"column":2},"end":{"line":10,"column":3}},{"start":{},"end":{}}]},"1":{"loc":{"start":{"line":8,"column":6},"end":{"line":8,"column":43}},"type":"binary-expr","locations":[{"start":{"line":8,"column":6},"end":{"line":8,"column":29}},{"start":{"line":8,"column":33},"end":{"line":8,"column":43}}]},"2":{"loc":{"start":{"line":12,"column":2},"end":{"line":14,"column":3}},"type":"if","locations":[{"start":{"line":12,"column":2},"end":{"line":14,"column":3}},{"start":{},"end":{}}]},"3":{"loc":{"start":{"line":18,"column":2},"end":{"line":20,"column":3}},"type":"if","locations":[{"start":{"line":18,"column":2},"end":{"line":20,"column":3}},{"start":{},"end":{}}]},"4":{"loc":{"start":{"line":23,"column":2},"end":{"line":25,"column":3}},"type":"if","locations":[{"start":{"line":23,"column":2},"end":{"line":25,"column":3}},{"start":{},"end":{}}]},"5":{"loc":{"start":{"line":23,"column":6},"end":{"line":23,"column":50}},"type":"binary-expr","locations":[{"start":{"line":23,"column":6},"end":{"line":23,"column":26}},{"start":{"line":23,"column":30},"end":{"line":23,"column":50}}]},"6":{"loc":{"start":{"line":28,"column":2},"end":{"line":30,"column":3}},"type":"if","locations":[{"start":{"line":28,"column":2},"end":{"line":30,"column":3}},{"start":{},"end":{}}]}},"s":{"0":1,"1":10,"2":1,"3":9,"4":1,"5":8,"6":8,"7":1,"8":7,"9":2,"10":5,"11":2,"12":3},"f":{"0":10},"b":{"0":[1,9],"1":[10,10],"2":[1,8],"3":[1,7],"4":[2,5],"5":[7,5],"6":[2,3]}}
}
