TN:
SF:server\src\utils\password.ts
FN:1,(anonymous_0)
FNF:1
FNH:1
FNDA:1,(anonymous_0)
DA:1,1
DA:2,1
DA:3,0
DA:4,0
DA:6,0
DA:7,0
DA:8,0
DA:9,0
DA:11,0
DA:13,0
DA:14,0
DA:15,0
DA:17,0
DA:18,0
DA:21,0
DA:24,0
LF:16
LH:2
BRDA:2,0,0,1
BRDA:2,0,1,0
BRDA:3,1,0,0
BRDA:3,1,1,0
BRDA:4,2,0,0
BRDA:4,2,1,0
BRDA:11,3,0,0
BRDA:11,3,1,0
BRDA:13,4,0,0
BRDA:13,4,1,0
BRDA:15,5,0,0
BRDA:15,5,1,0
BRDA:15,6,0,0
BRDA:15,6,1,0
BRDA:17,7,0,0
BRDA:17,7,1,0
BRDA:17,8,0,0
BRDA:17,8,1,0
BRDA:17,8,2,0
BRDA:18,9,0,0
BRDA:18,9,1,0
BRDA:21,10,0,0
BRDA:21,10,1,0
BRDA:21,11,0,0
BRDA:21,11,1,0
BRF:25
BRH:1
end_of_record
TN:
SF:server\src\utils\shipping.ts
FN:44,calculateShipping
FNF:1
FNH:1
FNDA:17,calculateShipping
DA:44,1
DA:50,17
DA:51,1
DA:54,16
DA:55,2
DA:59,14
DA:61,14
DA:62,8
DA:63,6
DA:64,5
DA:66,1
DA:70,14
DA:71,5
DA:75,14
DA:76,2
DA:79,14
LF:16
LH:16
BRDA:50,0,0,1
BRDA:50,0,1,16
BRDA:54,1,0,2
BRDA:54,1,1,14
BRDA:54,2,0,16
BRDA:54,2,1,15
BRDA:61,3,0,8
BRDA:61,3,1,6
BRDA:63,4,0,5
BRDA:63,4,1,1
BRDA:70,5,0,5
BRDA:70,5,1,9
BRDA:75,6,0,2
BRDA:75,6,1,12
BRF:14
BRH:14
end_of_record
TN:
SF:server\src\utils\userValidator.ts
FN:1,validateUserRegistration
FNF:1
FNH:1
FNDA:10,validateUserRegistration
DA:1,1
DA:8,10
DA:9,1
DA:12,9
DA:13,1
DA:17,8
DA:18,8
DA:19,1
DA:23,7
DA:24,2
DA:28,5
DA:29,2
DA:32,3
LF:13
LH:13
BRDA:8,0,0,1
BRDA:8,0,1,9
BRDA:8,1,0,10
BRDA:8,1,1,10
BRDA:12,2,0,1
BRDA:12,2,1,8
BRDA:18,3,0,1
BRDA:18,3,1,7
BRDA:23,4,0,2
BRDA:23,4,1,5
BRDA:23,5,0,7
BRDA:23,5,1,5
BRDA:28,6,0,2
BRDA:28,6,1,3
BRF:14
BRH:14
end_of_record
